[0724/143936:WARNING:resource_bundle.cc(311)] locale_file_path.empty() for locale 
[0724/143936:ERROR:main_delegate.cc(724)] Could not load locale pak for en-US
[0724/143936:WARNING:resource_bundle.cc(509)] locale resources are not loaded
[0724/143936:WARNING:resource_bundle.cc(509)] locale resources are not loaded
[0724/143936:WARNING:resource_bundle.cc(509)] locale resources are not loaded
[0724/143936:WARNING:resource_bundle.cc(509)] locale resources are not loaded
[0724/143936:WARNING:resource_bundle.cc(509)] locale resources are not loaded
[0724/143936:WARNING:resource_bundle.cc(509)] locale resources are not loaded
[0724/143936:WARNING:resource_bundle.cc(509)] locale resources are not loaded
[0724/143936:WARNING:resource_bundle.cc(509)] locale resources are not loaded
[0724/143936:WARNING:resource_bundle.cc(509)] locale resources are not loaded
[0724/143936:WARNING:resource_bundle.cc(509)] locale resources are not loaded
[0724/143936:WARNING:resource_bundle.cc(509)] locale resources are not loaded
[0724/143936:WARNING:resource_bundle.cc(509)] locale resources are not loaded
[0724/143936:WARNING:resource_bundle.cc(509)] locale resources are not loaded
[0724/143936:WARNING:resource_bundle.cc(509)] locale resources are not loaded
[0724/143936:WARNING:resource_bundle.cc(509)] locale resources are not loaded
[0724/143936:WARNING:resource_bundle.cc(509)] locale resources are not loaded
[0724/143936:WARNING:resource_bundle.cc(509)] locale resources are not loaded
[0724/143936:WARNING:resource_bundle.cc(509)] locale resources are not loaded
[0724/143936:WARNING:resource_bundle.cc(509)] locale resources are not loaded
[0724/143936:WARNING:resource_bundle.cc(509)] locale resources are not loaded
[0724/143936:WARNING:resource_bundle.cc(509)] locale resources are not loaded
[0724/143936:WARNING:resource_bundle.cc(509)] locale resources are not loaded
[0724/143936:WARNING:resource_bundle.cc(509)] locale resources are not loaded
[0724/143936:WARNING:resource_bundle.cc(509)] locale resources are not loaded
[0724/143936:WARNING:resource_bundle.cc(509)] locale resources are not loaded
[0724/143936:WARNING:resource_bundle.cc(509)] locale resources are not loaded
[0724/143936:WARNING:resource_bundle.cc(509)] locale resources are not loaded
[0724/143936:WARNING:resource_bundle.cc(509)] locale resources are not loaded
[0724/143936:WARNING:resource_bundle.cc(509)] locale resources are not loaded
[0724/143936:WARNING:resource_bundle.cc(509)] locale resources are not loaded
[0724/143936:WARNING:resource_bundle.cc(509)] locale resources are not loaded
[0724/143936:WARNING:resource_bundle.cc(509)] locale resources are not loaded
[0724/143936:WARNING:resource_bundle.cc(509)] locale resources are not loaded
[0724/143936:WARNING:resource_bundle.cc(509)] locale resources are not loaded
[0724/143936:WARNING:resource_bundle.cc(509)] locale resources are not loaded
[0724/143936:WARNING:resource_bundle.cc(509)] locale resources are not loaded
[0724/143936:WARNING:resource_bundle.cc(509)] locale resources are not loaded
[0724/143936:WARNING:resource_bundle.cc(509)] locale resources are not loaded
[0724/143936:WARNING:resource_bundle.cc(509)] locale resources are not loaded
[0724/143936:WARNING:resource_bundle.cc(509)] locale resources are not loaded
[0724/143936:WARNING:resource_bundle.cc(509)] locale resources are not loaded
[0724/143936:WARNING:resource_bundle.cc(509)] locale resources are not loaded
[0724/143936:WARNING:resource_bundle.cc(509)] locale resources are not loaded
[0724/143936:WARNING:resource_bundle.cc(509)] locale resources are not loaded
[0724/143936:VERBOSE1:pref_proxy_config_tracker_impl.cc(218)] 0AA8CB50: set chrome proxy config service to 16805FC8
[0724/143936:VERBOSE1:pref_proxy_config_tracker_impl.cc(355)] 0AA8CB50: Done pushing proxy to UpdateProxyConfig
[0724/143936:ERROR:child_process_launcher.cc(443)] Failed to launch child process
[0724/143951:ERROR:child_process_launcher.cc(443)] Failed to launch child process
[0724/145023:VERBOSE1:component_updater_service.cc(90)] CrxUpdateService stopping
[0724/145023:VERBOSE1:statistics_recorder.cc(350)] Collections of all histograms
Histogram: Accessibility.InvertedColors recorded 1 samples, average = 0.0 (flags = 0x1)
0  ------------------------------------------------------------------------O (1 = 100.0%)
1  ... 

Histogram: Accessibility.ManuallyEnabled recorded 1 samples, average = 0.0 (flags = 0x1)
0  ------------------------------------------------------------------------O (1 = 100.0%)
1  ... 

Histogram: Accessibility.State recorded 1 samples, average = 0.0 (flags = 0x1)
0  ------------------------------------------------------------------------O (1 = 100.0%)
1  ... 

Histogram: Accessibility.WinAudioDescription recorded 1 samples, average = 0.0 (flags = 0x1)
0  ------------------------------------------------------------------------O (1 = 100.0%)
1  ... 

Histogram: Accessibility.WinJAWS recorded 1 samples, average = 0.0 (flags = 0x1)
0  ------------------------------------------------------------------------O (1 = 100.0%)
1  ... 

Histogram: Accessibility.WinNVDA recorded 1 samples, average = 0.0 (flags = 0x1)
0  ------------------------------------------------------------------------O (1 = 100.0%)
1  ... 

Histogram: Accessibility.WinSAToGo recorded 1 samples, average = 0.0 (flags = 0x1)
0  ------------------------------------------------------------------------O (1 = 100.0%)
1  ... 

Histogram: Accessibility.WinScreenReader recorded 1 samples, average = 0.0 (flags = 0x1)
0  ------------------------------------------------------------------------O (1 = 100.0%)
1  ... 

Histogram: Accessibility.WinStickyKeys recorded 1 samples, average = 0.0 (flags = 0x1)
0  ------------------------------------------------------------------------O (1 = 100.0%)
1  ... 

Histogram: Accessibility.WinZoomText recorded 1 samples, average = 0.0 (flags = 0x1)
0  ------------------------------------------------------------------------O (1 = 100.0%)
1  ... 

Histogram: AsyncDNS.ConfigChange recorded 9 samples, average = 0.1 (flags = 0x1)
0  ------------------------------------------------------------------------O (8 = 88.9%)
1  ---------O                                                                (1 = 11.1%) {88.9%}
2  O                                                                         (0 = 0.0%) {100.0%}

Histogram: AsyncDNS.ConfigNotifyInterval recorded 61 samples, average = 9180.9 (flags = 0x1)
0      ------------------------------------------------------------------------O (30 = 49.2%)
1      -----------------------------O                                            (12 = 19.7%) {49.2%}
2      -------O                                                                  (3 = 4.9%) {68.9%}
3      ------------O                                                             (5 = 8.2%) {73.8%}
4      -------O                                                                  (3 = 4.9%) {82.0%}
5      -O                                                                        (1 = 1.6%) {86.9%}
7      ... 
51267  O                                                                         (1 = 1.6%) {88.5%}
69459  ---O                                                                      (6 = 9.8%) {90.2%}
94106  ... 

Histogram: AsyncDNS.ConfigParseDuration recorded 17 samples, average = 7.8 (flags = 0x1)
0   ... 
3   ------------------O                                                       (1 = 5.9%) {0.0%}
4   ------------------O                                                       (1 = 5.9%) {5.9%}
5   ------------------------------------O                                     (2 = 11.8%) {11.8%}
6   ------------------------------------O                                     (2 = 11.8%) {23.5%}
7   ------------------------------------------------------------------------O (4 = 23.5%) {35.3%}
8   ---------O                                                                (1 = 5.9%) {58.8%}
10  ------------------------------------O                                     (4 = 23.5%) {64.7%}
12  ------------------O                                                       (2 = 11.8%) {88.2%}
14  ... 

Histogram: AsyncDNS.ConfigParseResult recorded 17 samples, average = 1.0 (flags = 0x1)
0  O                                                                         (0 = 0.0%)
1  ------------------------------------------------------------------------O (17 = 100.0%) {0.0%}
2  O                                                                         (0 = 0.0%) {100.0%}

Histogram: AsyncDNS.ConfigParseWin recorded 17 samples, average = 0.0 (flags = 0x1)
0  ------------------------------------------------------------------------O (17 = 100.0%)
1  ... 

Histogram: AsyncDNS.HostParseResult recorded 1 samples, average = 1.0 (flags = 0x1)
0  O                                                                         (0 = 0.0%)
1  ------------------------------------------------------------------------O (1 = 100.0%) {0.0%}
2  O                                                                         (0 = 0.0%) {100.0%}

Histogram: AsyncDNS.HostsChange recorded 1 samples, average = 1.0 (flags = 0x1)
0  O                                                                         (0 = 0.0%)
1  ------------------------------------------------------------------------O (1 = 100.0%) {0.0%}
2  O                                                                         (0 = 0.0%) {100.0%}

Histogram: AsyncDNS.HostsParseDuration recorded 1 samples, average = 2.0 (flags = 0x1)
0  ... 
2  ------------------------------------------------------------------------O (1 = 100.0%) {0.0%}
3  ... 

Histogram: AsyncDNS.HostsParseWin recorded 1 samples, average = 0.0 (flags = 0x1)
0  ------------------------------------------------------------------------O (1 = 100.0%)
1  ... 

Histogram: AsyncDNS.HostsSize recorded 1 samples, average = 824.0 (flags = 0x1)
0    ... 
777  ------------------------------------------------------------------------O (1 = 100.0%) {0.0%}
1023 ... 

Histogram: AsyncDNS.NameServersType recorded 9 samples, average = 2.0 (flags = 0x1)
0  ... 
2  ------------------------------------------------------------------------O (9 = 100.0%) {0.0%}
3  ... 

Histogram: AsyncDNS.WatchStatus recorded 1 samples, average = 0.0 (flags = 0x1)
0  ------------------------------------------------------------------------O (1 = 100.0%)
1  ... 

Histogram: ChildProcessSecurityPolicy.PerChildFilePermissions recorded 1 samples, average = 0.0 (flags = 0x1)
0  ------------------------------------------------------------------------O (1 = 100.0%)
1  ... 

Histogram: Compositing.Browser.DisplayListRecordingSource.UpdateInvalidatedAreaPerMs recorded 2 samples, average = 160714.0 (flags = 0x1)
0       ------------------------------------------------------------------------O (1 = 50.0%)
1       ... 
252312  --------------O                                                           (1 = 50.0%) {50.0%}
332315  ... 

Histogram: Compositing.Browser.DisplayListRecordingSource.UpdateUs recorded 2 samples, average = 35.5 (flags = 0x1)
0   O                                                                         (0 = 0.0%)
1   ------------------------------------------------------------------------O (1 = 50.0%) {0.0%}
2   ... 
65  --------------O                                                           (1 = 50.0%) {50.0%}
86  ... 

Histogram: Compositing.Browser.LayerTreeImpl.CalculateDrawPropertiesUs recorded 2 samples, average = 17.5 (flags = 0x1)
0   ... 
9   ------------------------------------------------------------------------O (1 = 50.0%) {0.0%}
12  ... 
21  -------------------------------------------O                              (1 = 50.0%) {50.0%}
28  ... 

Histogram: Compositing.Browser.PictureMemoryUsageKb recorded 2 samples, average = 7.0 (flags = 0x1)
0  ... 
7  ------------------------------------------------------------------------O (2 = 100.0%) {0.0%}
9  ... 

Histogram: Compositing.NumActiveLayers recorded 2 samples, average = 6.5 (flags = 0x1)
0  ... 
5  ------------------------------------------------------------------------O (1 = 50.0%) {0.0%}
7  ------------------------------------------------O                         (1 = 50.0%) {50.0%}
10 ... 

Histogram: ContentSettings.DefaultCookiesSetting recorded 1 samples, average = 1.0 (flags = 0x1)
0  O                                                                         (0 = 0.0%)
1  ------------------------------------------------------------------------O (1 = 100.0%) {0.0%}
2  ... 

Histogram: ContentSettings.DefaultImagesSetting recorded 1 samples, average = 1.0 (flags = 0x1)
0  O                                                                         (0 = 0.0%)
1  ------------------------------------------------------------------------O (1 = 100.0%) {0.0%}
2  ... 

Histogram: ContentSettings.DefaultJavaScriptSetting recorded 1 samples, average = 1.0 (flags = 0x1)
0  O                                                                         (0 = 0.0%)
1  ------------------------------------------------------------------------O (1 = 100.0%) {0.0%}
2  ... 

Histogram: ContentSettings.DefaultKeygenSetting recorded 1 samples, average = 2.0 (flags = 0x1)
0  ... 
2  ------------------------------------------------------------------------O (1 = 100.0%) {0.0%}
3  ... 

Histogram: ContentSettings.DefaultLocationSetting recorded 1 samples, average = 3.0 (flags = 0x1)
0  ... 
3  ------------------------------------------------------------------------O (1 = 100.0%) {0.0%}
4  ... 

Histogram: ContentSettings.DefaultMIDISysExSetting recorded 1 samples, average = 3.0 (flags = 0x1)
0  ... 
3  ------------------------------------------------------------------------O (1 = 100.0%) {0.0%}
4  ... 

Histogram: ContentSettings.DefaultMediaStreamCameraSetting recorded 1 samples, average = 3.0 (flags = 0x1)
0  ... 
3  ------------------------------------------------------------------------O (1 = 100.0%) {0.0%}
4  ... 

Histogram: ContentSettings.DefaultMediaStreamMicSetting recorded 1 samples, average = 3.0 (flags = 0x1)
0  ... 
3  ------------------------------------------------------------------------O (1 = 100.0%) {0.0%}
4  ... 

Histogram: ContentSettings.DefaultMouseCursorSetting recorded 1 samples, average = 3.0 (flags = 0x1)
0  ... 
3  ------------------------------------------------------------------------O (1 = 100.0%) {0.0%}
4  ... 

Histogram: ContentSettings.DefaultNotificationsSetting recorded 1 samples, average = 3.0 (flags = 0x1)
0  ... 
3  ------------------------------------------------------------------------O (1 = 100.0%) {0.0%}
4  ... 

Histogram: ContentSettings.DefaultPluginsSetting recorded 1 samples, average = 5.0 (flags = 0x1)
0  ... 
5  ------------------------------------------------------------------------O (1 = 100.0%) {0.0%}
6  O                                                                         (0 = 0.0%) {100.0%}

Histogram: ContentSettings.DefaultPopupsSetting recorded 1 samples, average = 2.0 (flags = 0x1)
0  ... 
2  ------------------------------------------------------------------------O (1 = 100.0%) {0.0%}
3  ... 

Histogram: ContentSettings.DefaultPushMessagingSetting recorded 1 samples, average = 3.0 (flags = 0x1)
0  ... 
3  ------------------------------------------------------------------------O (1 = 100.0%) {0.0%}
4  ... 

Histogram: ContentSettings.NumberOfAllowCookiesExceptions recorded 1 samples, average = 0.0 (flags = 0x1)
0  ------------------------------------------------------------------------O (1 = 100.0%)
1  ... 

Histogram: ContentSettings.NumberOfBlockCookiesExceptions recorded 1 samples, average = 0.0 (flags = 0x1)
0  ------------------------------------------------------------------------O (1 = 100.0%)
1  ... 

Histogram: ContentSettings.NumberOfExceptions recorded 1 samples, average = 0.0 (flags = 0x1)
0  ------------------------------------------------------------------------O (1 = 100.0%)
1  ... 

Histogram: ContentSettings.NumberOfSessionOnlyCookiesExceptions recorded 1 samples, average = 0.0 (flags = 0x1)
0  ------------------------------------------------------------------------O (1 = 100.0%)
1  ... 

Histogram: Cookie.CookieDeleteEquivalent recorded 0 samples (flags = 0x1)
0 ... 

Histogram: Cookie.CookieSourceScheme recorded 0 samples (flags = 0x1)
0 ... 

Histogram: Cookie.Count recorded 0 samples (flags = 0x1)
0 ... 

Histogram: Cookie.DeletionCause recorded 0 samples (flags = 0x1)
0 ... 

Histogram: Cookie.EvictedLastAccessMinutes recorded 0 samples (flags = 0x1)
0 ... 

Histogram: Cookie.ExpirationDurationMinutes recorded 0 samples (flags = 0x1)
0 ... 

Histogram: Cookie.TimeBlockedOnLoad recorded 0 samples (flags = 0x1)
0 ... 

Histogram: Cookie.Type recorded 0 samples (flags = 0x1)
0 ... 

Histogram: Extensions.FeatureProviderStaticInitTime recorded 1 samples, average = 3.0 (flags = 0x1)
0  ... 
3  ------------------------------------------------------------------------O (1 = 100.0%) {0.0%}
4  ... 

Histogram: GPU.AtExitReceivedMemoryStats recorded 1 samples, average = 0.0 (flags = 0x1)
0  ------------------------------------------------------------------------O (1 = 100.0%)
1  ... 

Histogram: GPU.AtExitSurfaceCount recorded 1 samples, average = 0.0 (flags = 0x1)
0  ------------------------------------------------------------------------O (1 = 100.0%)
1  ... 

Histogram: GPU.BlacklistFeatureTestResults.Accelerated2dCanvas recorded 1 samples, average = 0.0 (flags = 0x1)
0  ------------------------------------------------------------------------O (1 = 100.0%)
1  ... 

Histogram: GPU.BlacklistFeatureTestResults.GpuCompositing recorded 1 samples, average = 0.0 (flags = 0x1)
0  ------------------------------------------------------------------------O (1 = 100.0%)
1  ... 

Histogram: GPU.BlacklistFeatureTestResults.GpuRasterization recorded 1 samples, average = 0.0 (flags = 0x1)
0  ------------------------------------------------------------------------O (1 = 100.0%)
1  ... 

Histogram: GPU.BlacklistFeatureTestResults.Webgl recorded 1 samples, average = 0.0 (flags = 0x1)
0  ------------------------------------------------------------------------O (1 = 100.0%)
1  ... 

Histogram: GPU.BlacklistFeatureTestResultsWindows.Accelerated2dCanvas recorded 1 samples, average = 9.0 (flags = 0x1)
0  ... 
9  ------------------------------------------------------------------------O (1 = 100.0%) {0.0%}
10 ... 

Histogram: GPU.BlacklistFeatureTestResultsWindows.GpuCompositing recorded 1 samples, average = 9.0 (flags = 0x1)
0  ... 
9  ------------------------------------------------------------------------O (1 = 100.0%) {0.0%}
10 ... 

Histogram: GPU.BlacklistFeatureTestResultsWindows.GpuRasterization recorded 1 samples, average = 9.0 (flags = 0x1)
0  ... 
9  ------------------------------------------------------------------------O (1 = 100.0%) {0.0%}
10 ... 

Histogram: GPU.BlacklistFeatureTestResultsWindows.Webgl recorded 1 samples, average = 9.0 (flags = 0x1)
0  ... 
9  ------------------------------------------------------------------------O (1 = 100.0%) {0.0%}
10 ... 

Histogram: GPU.BlacklistTestResultsPerEntry recorded 1 samples, average = 0.0 (flags = 0x1)
0  ------------------------------------------------------------------------O (1 = 100.0%)
1  ... 

Histogram: GPU.CreateBrowserCompositor recorded 1 samples, average = 0.0 (flags = 0x1)
0  ------------------------------------------------------------------------O (1 = 100.0%)
1  ... 

Histogram: GPU.DisplayLinkInstallationStatus recorded 1 samples, average = 2.0 (flags = 0x1)
0  ... 
2  ------------------------------------------------------------------------O (1 = 100.0%) {0.0%}
3  O                                                                         (0 = 0.0%) {100.0%}

Histogram: GPU.GLResetNotificationStrategy recorded 1 samples (flags = 0x1)
0  ------------------------------------------------------------------------O (1 = 100.0%)

Histogram: GPU.GPU.GPUProcessSoftwareRendering recorded 1 samples, average = 0.0 (flags = 0x1)
0  ------------------------------------------------------------------------O (1 = 100.0%)
1  ... 

Histogram: GPU.GPUProcessLaunchCause recorded 1 samples, average = 8.0 (flags = 0x1)
0  ... 
8  ------------------------------------------------------------------------O (1 = 100.0%) {0.0%}
9  ... 

Histogram: GPU.GPUProcessLifetimeEvents recorded 2 samples, average = 1.0 (flags = 0x1)
0  ------------------------------------------------------------------------O (1 = 50.0%)
1  O                                                                         (0 = 0.0%) {50.0%}
2  ------------------------------------------------------------------------O (1 = 50.0%) {50.0%}
3  ... 

Histogram: GPU.GPUProcessTerminationStatus recorded 1 samples, average = 5.0 (flags = 0x1)
0  ... 
5  ------------------------------------------------------------------------O (1 = 100.0%) {0.0%}
6  O                                                                         (0 = 0.0%) {100.0%}

Histogram: Media.AudioThreadStatus recorded 1 samples, average = 1.0 (flags = 0x1)
0  O                                                                         (0 = 0.0%)
1  ------------------------------------------------------------------------O (1 = 100.0%) {0.0%}
2  ... 

Histogram: Media.Midi.ResultOnShutdown recorded 1 samples, average = 0.0 (flags = 0x1)
0  ------------------------------------------------------------------------O (1 = 100.0%)
1  ... 

Histogram: Media.Midi.Usage recorded 1 samples, average = 0.0 (flags = 0x1)
0  ------------------------------------------------------------------------O (1 = 100.0%)
1  ... 

Histogram: Memory.PressureLevel recorded 127 samples, average = 0.0 (flags = 0x1)
0  ------------------------------------------------------------------------O (127 = 100.0%)
1  ... 

Histogram: Net.NotifyAddrChangeFailures recorded 1 samples, average = 0.0 (flags = 0x1)
0  ------------------------------------------------------------------------O (1 = 100.0%)
1  ... 

Histogram: Net.PrefProxyConfig.GooglezipProxyRemovalCount recorded 1 samples, average = 0.0 (flags = 0x1)
0  ------------------------------------------------------------------------O (1 = 100.0%)
1  ... 

Histogram: Net.QuicSession.PreferAesGcm recorded 1 samples, average = 1.0 (flags = 0x1)
0  O                                                                         (0 = 0.0%)
1  ------------------------------------------------------------------------O (1 = 100.0%) {0.0%}
2  O                                                                         (0 = 0.0%) {100.0%}

Histogram: PluginFinder.BuiltInPluginList.ErrorCode recorded 1 samples, average = 0.0 (flags = 0x1)
0  ------------------------------------------------------------------------O (1 = 100.0%)
1  ... 

Histogram: Renderer.DrawDuration recorded 2 samples, average = 0.0 (flags = 0x1)
0  ------------------------------------------------------------------------O (2 = 100.0%)
1  ... 

Histogram: Renderer.DrawDurationOverestimate recorded 2 samples, average = 0.0 (flags = 0x1)
0  ------------------------------------------------------------------------O (2 = 100.0%)
1  ... 

Histogram: Renderer.DrawDurationUnderestimate recorded 2 samples, average = 0.0 (flags = 0x1)
0  ------------------------------------------------------------------------O (2 = 100.0%)
1  ... 

Histogram: Renderer4.renderPassCount recorded 2 samples, average = 1.0 (flags = 0x1)
0  O                                                                         (0 = 0.0%)
1  ------------------------------------------------------------------------O (2 = 100.0%) {0.0%}
2  ... 

Histogram: ResourceScheduler.ClientLoadedTime.Active recorded 1 samples, average = 13927.0 (flags = 0x1)
0      ... 
11508  ------------------------------------------------------------------------O (1 = 100.0%) {0.0%}
14789  ... 

Histogram: ResourceScheduler.ClientLoadedTime.Active.1Client recorded 1 samples, average = 13927.0 (flags = 0x1)
0      ... 
11508  ------------------------------------------------------------------------O (1 = 100.0%) {0.0%}
14789  ... 

Histogram: Scheduling.Browser.ActivateDuration recorded 2 samples, average = 4.0 (flags = 0x1)
0  ... 
2  ------------------------------------------------------------------------O (1 = 50.0%) {0.0%}
3  ... 
6  ------------------------------------------------------------------------O (1 = 50.0%) {50.0%}
7  ... 

Histogram: Scheduling.Browser.ActivateDuration.Overestimate recorded 2 samples, average = 2.0 (flags = 0x1)
0  ------------------------------------------------------------------------O (1 = 50.0%)
1  ... 
4  ------------------------------------------------------------------------O (1 = 50.0%) {50.0%}
5  ... 

Histogram: Scheduling.Browser.ActivateDuration.Underestimate recorded 2 samples, average = 3.0 (flags = 0x1)
0  ------------------------------------------------------------------------O (1 = 50.0%)
1  ... 
6  ------------------------------------------------------------------------O (1 = 50.0%) {50.0%}
7  ... 

Histogram: Scheduling.Browser.BeginMainFrameQueueDurationCritical recorded 2 samples, average = 11.5 (flags = 0x1)
0   ... 
11  ------------------------------------------------------------------------O (2 = 100.0%) {0.0%}
13  ... 

Histogram: Scheduling.Browser.BeginMainFrameStartToCommit recorded 2 samples, average = 136.5 (flags = 0x1)
0    ... 
68   ------------------------------------------------------------------------O (1 = 50.0%) {0.0%}
77   ... 
191  ------------------------------------------------------------------------O (1 = 50.0%) {50.0%}
217  ... 

Histogram: Scheduling.Browser.BeginMainFrameToCommitDuration recorded 2 samples, average = 148.0 (flags = 0x1)
0    ... 
77   ------------------------------------------------------------------------O (1 = 50.0%) {0.0%}
88   ... 
191  ------------------------------------------------------------------------O (1 = 50.0%) {50.0%}
217  ... 

Histogram: Scheduling.Browser.BeginMainFrameToCommitDuration.Overestimate recorded 2 samples, average = 61.0 (flags = 0x1)
0    ------------------------------------------------------------------------O (1 = 50.0%)
1    ... 
114  --------------O                                                           (1 = 50.0%) {50.0%}
130  ... 

Histogram: Scheduling.Browser.BeginMainFrameToCommitDuration.Underestimate recorded 2 samples, average = 104.5 (flags = 0x1)
0    ------------------------------------------------------------------------O (1 = 50.0%)
1    ... 
191  --------------O                                                           (1 = 50.0%) {50.0%}
217  ... 

Histogram: Scheduling.Browser.CommitToReadyToActivateDuration recorded 2 samples, average = 89.5 (flags = 0x1)
0    ... 
17   ------------------------------------------------------------------------O (1 = 50.0%) {0.0%}
19   ... 
148  -----------------------------O                                            (1 = 50.0%) {50.0%}
168  ... 

Histogram: Scheduling.Browser.CommitToReadyToActivateDuration.Overestimate recorded 2 samples, average = 72.5 (flags = 0x1)
0    ------------------------------------------------------------------------O (1 = 50.0%)
1    ... 
130  --------------O                                                           (1 = 50.0%) {50.0%}
148  ... 

Histogram: Scheduling.Browser.CommitToReadyToActivateDuration.Underestimate recorded 2 samples, average = 81.0 (flags = 0x1)
0    ------------------------------------------------------------------------O (1 = 50.0%)
1    ... 
148  --------------O                                                           (1 = 50.0%) {50.0%}
168  ... 

Histogram: Scheduling.Browser.DrawDuration recorded 2 samples, average = 57.0 (flags = 0x1)
0   ... 
22  ------------------------------------------------------------------------O (1 = 50.0%) {0.0%}
25  ... 
88  -------------------------------------------O                              (1 = 50.0%) {50.0%}
100 ... 

Histogram: Scheduling.Browser.DrawDuration.Overestimate recorded 2 samples, average = 35.0 (flags = 0x1)
0   ------------------------------------------------------------------------O (1 = 50.0%)
1   ... 
68  --------------O                                                           (1 = 50.0%) {50.0%}
77  ... 

Histogram: Scheduling.Browser.DrawDuration.Underestimate recorded 2 samples, average = 46.0 (flags = 0x1)
0   ------------------------------------------------------------------------O (1 = 50.0%)
1   ... 
88  --------------O                                                           (1 = 50.0%) {50.0%}
100 ... 

Histogram: Scheduling.Browser.PrepareTilesDuration recorded 3 samples, average = 19.7 (flags = 0x1)
0   ... 
13  ------------------------------------------------------O                   (1 = 33.3%) {0.0%}
15  ... 
22  ------------------------------------------------------------------------O (2 = 66.7%) {33.3%}
25  ... 

Histogram: Scheduling.Browser.PrepareTilesDuration.Overestimate recorded 3 samples, average = 3.3 (flags = 0x1)
0  ------------------------------------------------------------------------O (1 = 33.3%)
1  ------------------------------------------------------------------------O (1 = 33.3%) {33.3%}
2  ... 
9  ------------------------------------------------------------------------O (1 = 33.3%) {66.7%}
10 ... 

Histogram: Scheduling.Browser.PrepareTilesDuration.Underestimate recorded 3 samples, average = 7.7 (flags = 0x1)
0   ------------------------------------------------------------------------O (2 = 66.7%)
1   ... 
22  ------------O                                                             (1 = 33.3%) {66.7%}
25  ... 

Histogram: Scheduling.Browser.SwapToAckLatency recorded 2 samples, average = 2666.5 (flags = 0x1)
0     ... 
41    ------------------------------------------------------------------------O (1 = 50.0%) {0.0%}
47    ... 
4872  ------------------------------------------------------------------------O (1 = 50.0%) {50.0%}
5548  ... 

Histogram: Startup.BrowserMainRunnerImplInitializeLongTime recorded 1 samples, average = 100.0 (flags = 0x1)
0   ... 
89  ------------------------------------------------------------------------O (1 = 100.0%) {0.0%}
103 ... 

Histogram: Startup.BrowserMainRunnerImplInitializeStep1Time recorded 1 samples, average = 5.0 (flags = 0x1)
0  ... 
5  ------------------------------------------------------------------------O (1 = 100.0%) {0.0%}
6  ... 

Histogram: Startup.BrowserMainRunnerImplInitializeStep2Time recorded 1 samples, average = 94.0 (flags = 0x1)
0   ... 
81  ------------------------------------------------------------------------O (1 = 100.0%) {0.0%}
96  ... 

Histogram: TileManager.ExceededMemoryBudget recorded 3 samples, average = 0.0 (flags = 0x1)
0  ------------------------------------------------------------------------O (3 = 100.0%)
1  ... 

Histogram: V8.Initializer.LoadV8Snapshot.Result recorded 1 samples, average = 0.0 (flags = 0x1)
0  ------------------------------------------------------------------------O (1 = 100.0%)
1  ... 

Histogram: V8.Initializer.OpenV8File.Result recorded 2 samples, average = 0.0 (flags = 0x1)
0  ------------------------------------------------------------------------O (2 = 100.0%)
1  ... 

Histogram: Windows.Win32kRendererLockdown recorded 1 samples, average = 0.0 (flags = 0x1)
0  ------------------------------------------------------------------------O (1 = 100.0%)
1  ... 

Histogram: appcache.CompletionQueueTime recorded 2 samples, average = 0.0 (flags = 0x1)
0  ------------------------------------------------------------------------O (2 = 100.0%)
1  ... 

Histogram: appcache.CompletionRunTime recorded 2 samples, average = 0.0 (flags = 0x1)
0  ------------------------------------------------------------------------O (2 = 100.0%)
1  ... 

Histogram: appcache.TaskQueueTime recorded 2 samples, average = 0.0 (flags = 0x1)
0  ------------------------------------------------------------------------O (2 = 100.0%)
1  ... 

Histogram: appcache.TaskRunTime recorded 2 samples, average = 0.0 (flags = 0x1)
0  ------------------------------------------------------------------------O (2 = 100.0%)
1  ... 


